1:		H 1:		started
2:		H 2:		started
3:		O 1:		started
4:		H 3:		started
5:		H 4:		started
6:		O 3:		started
7:		H 5:		started
8:		O 4:		started
9:		H 6:		started
10:		H 7:		started
11:		O 6:		started
12:		H 8:		started
13:		O 7:		started
14:		O 8:		started
15:		H 9:		started
16:		H 10:		started
17:		O 9:		started
18:		H 11:		started
19:		O 10:		started
20:		H 12:		started
21:		O 11:		started
22:		H 13:		started
23:		O 12:		started
24:		H 14:		started
25:		O 13:		started
27:		O 14:		started
26:		H 15:		started
28:		H 16:		started
29:		O 15:		started
30:		O 5:		started
31:		O 2:		started
32:		H 17:		started
33:		H 1:		going to queue
34:		H 2:		going to queue
35:		H 3:		going to queue
36:		O 1:		going to queue
38:		H 1:		creating molecule 1
39:		O 1:		creating molecule 1
39:		H 2:		creating molecule 1
40:		O 1:		molecule 1 created
41:		H 2:		molecule 1 created
42:		H 1:		molecule 1 created
43:		H 4:		going to queue
44:		O 3:		going to queue
45:		O 3:		creating molecule 2
47:		H 4:		creating molecule 2
47:		H 3:		creating molecule 2
48:		O 3:		molecule 2 created
49:		H 4:		molecule 2 created
50:		H 3:		molecule 2 created
51:		H 5:		going to queue
52:		O 4:		going to queue
53:		H 6:		going to queue
55:		H 6:		creating molecule 3
54:		H 5:		creating molecule 3
56:		O 4:		creating molecule 3
57:		O 4:		molecule 3 created
58:		H 5:		molecule 3 created
59:		H 6:		molecule 3 created
60:		H 7:		going to queue
61:		O 6:		going to queue
62:		H 8:		going to queue
63:		H 8:		creating molecule 4
64:		H 7:		creating molecule 4
65:		O 6:		creating molecule 4
66:		O 6:		molecule 4 created
67:		H 8:		molecule 4 created
68:		H 7:		molecule 4 created
69:		O 7:		going to queue
70:		O 8:		going to queue
71:		H 9:		going to queue
72:		H 10:		going to queue
73:		H 9:		creating molecule 5
74:		H 10:		creating molecule 5
75:		O 7:		creating molecule 5
76:		O 7:		molecule 5 created
77:		H 10:		molecule 5 created
78:		H 9:		molecule 5 created
79:		O 9:		going to queue
80:		H 11:		going to queue
81:		O 10:		going to queue
82:		H 12:		going to queue
83:		H 12:		creating molecule 6
84:		O 8:		creating molecule 6
85:		H 11:		creating molecule 6
86:		O 8:		molecule 6 created
87:		H 12:		molecule 6 created
88:		H 11:		molecule 6 created
89:		O 11:		going to queue
90:		H 13:		going to queue
91:		O 12:		going to queue
92:		H 14:		going to queue
93:		H 13:		creating molecule 7
94:		H 14:		creating molecule 7
95:		O 9:		creating molecule 7
96:		O 9:		molecule 7 created
97:		H 14:		molecule 7 created
98:		H 13:		molecule 7 created
99:		O 13:		going to queue
100:		O 14:		going to queue
101:		H 15:		going to queue
102:		H 16:		going to queue
103:		H 15:		creating molecule 8
104:		H 16:		creating molecule 8
105:		O 10:		creating molecule 8
106:		O 10:		molecule 8 created
107:		H 16:		molecule 8 created
108:		H 15:		molecule 8 created
109:		O 15:		going to queue
110:		O 11:		not enough H
111:		O 5:		not enough H
112:		O 12:		not enough H
113:		O 2:		not enough H
114:		O 13:		not enough H
115:		H 17:		going to queue
116:		O 14:		not enough H
117:		O 15:		not enough H
118:		H 17:		not enough O
